[debug] [2025-02-21T15:29:15.174Z] ----------------------------------------------------------------------
[debug] [2025-02-21T15:29:15.177Z] Command:       C:\Program Files\nodejs\node.exe C:\Program Files\nodejs\node_modules\firebase-tools\lib\bin\firebase.js init
[debug] [2025-02-21T15:29:15.177Z] CLI Version:   13.31.2
[debug] [2025-02-21T15:29:15.177Z] Platform:      win32
[debug] [2025-02-21T15:29:15.177Z] Node Version:  v22.13.1
[debug] [2025-02-21T15:29:15.178Z] Time:          Fri Feb 21 2025 22:29:15 GMT+0700 (Indochina Time)
[debug] [2025-02-21T15:29:15.178Z] ----------------------------------------------------------------------
[debug] 
[debug] [2025-02-21T15:29:15.184Z] > command requires scopes: ["email","openid","https://www.googleapis.com/auth/cloudplatformprojects.readonly","https://www.googleapis.com/auth/firebase","https://www.googleapis.com/auth/cloud-platform"]
[debug] [2025-02-21T15:29:15.185Z] > authorizing via signed-in user (hautrantrung.02@gmail.com)
[info] 
     ######## #### ########  ######## ########     ###     ######  ########
     ##        ##  ##     ## ##       ##     ##  ##   ##  ##       ##
     ######    ##  ########  ######   ########  #########  ######  ######
     ##        ##  ##    ##  ##       ##     ## ##     ##       ## ##
     ##       #### ##     ## ######## ########  ##     ##  ######  ########

You're about to initialize a Firebase project in this directory:

  D:\Udemy\weather-forecast

[info] 
=== Project Setup
[info] 
[info] First, let's associate this project directory with a Firebase project.
[info] You can create multiple project aliases by running firebase use --add, 
[info] but for now we'll just set up a default project.
[info] 
[debug] [2025-02-21T15:29:44.616Z] Checked if tokens are valid: true, expires at: 1740155299522
[debug] [2025-02-21T15:29:44.616Z] Checked if tokens are valid: true, expires at: 1740155299522
[debug] [2025-02-21T15:29:44.617Z] >>> [apiv2][query] GET https://firebase.googleapis.com/v1beta1/projects pageSize=100
[debug] [2025-02-21T15:29:45.319Z] <<< [apiv2][status] GET https://firebase.googleapis.com/v1beta1/projects 200
[debug] [2025-02-21T15:29:45.319Z] <<< [apiv2][body] GET https://firebase.googleapis.com/v1beta1/projects [omitted]
